-------------------------------------------------------------------------------
Test set: com.evleen.junit5.GreetJunitTest
-------------------------------------------------------------------------------
Tests run: 1, Failures: 0, Errors: 1, Skipped: 0, Time elapsed: 0.047 s <<< FAILURE! - in com.evleen.junit5.GreetJunitTest
greetShouldReturnValidOutput  Time elapsed: 0.04 s  <<< ERROR!
java.lang.NullPointerException
	at com.evleen.junit5.GreetJunitTest.greetShouldReturnValidOutput(GreetJunitTest.java:18)

