<?xml version="1.0" encoding="UTF-8"?>
<testsuite xmlns:xsi="http://www.w3.org/2001/XMLSchema-instance" xsi:noNamespaceSchemaLocation="https://maven.apache.org/surefire/maven-surefire-plugin/xsd/surefire-test-report.xsd" name="com.evleen.junit5.GreetJunitTest" time="0.047" tests="1" errors="1" skipped="0" failures="0">
  <properties>
[...]
</properties>
  <testcase name="greetShouldReturnValidOutput" classname="com.evleen.junit5.GreetJunitTest" time="0.04">
    <error type="java.lang.NullPointerException">java.lang.NullPointerException
	at com.evleen.junit5.GreetJunitTest.greetShouldReturnValidOutput(GreetJunitTest.java:18)
</error>
  </testcase>
</testsuite>